<?xml version="1.0" encoding="UTF-8"?>
<testsuite name="http.SimpleHttpRequestTest" tests="3" skipped="0" failures="0" errors="0" timestamp="2020-11-26T12:55:01" hostname="leewonmi-team02ui-MacBookPro.local" time="0.024">
  <properties/>
  <testcase name="create()" classname="http.SimpleHttpRequestTest" time="0.01"/>
  <testcase name="request_GET()" classname="http.SimpleHttpRequestTest" time="0.007"/>
  <testcase name="request_POST()" classname="http.SimpleHttpRequestTest" time="0.004"/>
  <system-out><![CDATA[

userId=javajigi&password=password&name=JaeSung
]]></system-out>
  <system-err><![CDATA[]]></system-err>
</testsuite>
