<?xml version="1.0" encoding="UTF-8"?>
<testsuite name="http.URITest" tests="2" skipped="0" failures="0" errors="0" timestamp="2020-11-26T12:55:01" hostname="leewonmi-team02ui-MacBookPro.local" time="0.005">
  <properties/>
  <testcase name="create()" classname="http.URITest" time="0.002"/>
  <testcase name="createException()" classname="http.URITest" time="0.002"/>
  <system-out><![CDATA[]]></system-out>
  <system-err><![CDATA[]]></system-err>
</testsuite>
