<?xml version="1.0" encoding="UTF-8"?>
<testsuite name="coordinate.FigureFactoryTest" tests="3" skipped="0" failures="0" errors="0" timestamp="2020-11-26T12:55:01" hostname="leewonmi-team02ui-MacBookPro.local" time="0.011">
  <properties/>
  <testcase name="line()" classname="coordinate.FigureFactoryTest" time="0.008"/>
  <testcase name="rectangle()" classname="coordinate.FigureFactoryTest" time="0.001"/>
  <testcase name="triangle()" classname="coordinate.FigureFactoryTest" time="0.002"/>
  <system-out><![CDATA[]]></system-out>
  <system-err><![CDATA[]]></system-err>
</testsuite>
