<?xml version="1.0" encoding="UTF-8"?>
<testsuite name="http.HttpHeadersTest" tests="1" skipped="0" failures="0" errors="0" timestamp="2020-11-26T12:55:01" hostname="leewonmi-team02ui-MacBookPro.local" time="0.003">
  <properties/>
  <testcase name="create()" classname="http.HttpHeadersTest" time="0.003"/>
  <system-out><![CDATA[]]></system-out>
  <system-err><![CDATA[]]></system-err>
</testsuite>
