<?xml version="1.0" encoding="UTF-8"?>
<testsuite name="service.UserServiceTest" tests="7" skipped="0" failures="0" errors="0" timestamp="2020-11-26T12:55:01" hostname="leewonmi-team02ui-MacBookPro.local" time="0.042">
  <properties/>
  <testcase name="login_fail_wrongPassword()" classname="service.UserServiceTest" time="0.001"/>
  <testcase name="login_fail_nullValue(String, String)[1]" classname="service.UserServiceTest" time="0.001"/>
  <testcase name="login_fail_nullValue(String, String)[2]" classname="service.UserServiceTest" time="0.002"/>
  <testcase name="findAll()" classname="service.UserServiceTest" time="0.016"/>
  <testcase name="login_success()" classname="service.UserServiceTest" time="0.002"/>
  <testcase name="join()" classname="service.UserServiceTest" time="0.003"/>
  <testcase name="login_fail_nonExistingUser()" classname="service.UserServiceTest" time="0.002"/>
  <system-out><![CDATA[21:55:01.694 [DEBUG] [Test worker] [db.DataBase] - USER 회원가입 성공 : User [userId=javajigi, password=1234, name=pobi, email=pobi@slipp.com]
21:55:01.700 [DEBUG] [Test worker] [db.DataBase] - USER 회원가입 성공 : User [userId=javajigi, password=1234, name=pobi, email=pobi@slipp.com]
21:55:01.705 [DEBUG] [Test worker] [db.DataBase] - USER 회원가입 성공 : User [userId=javajigi, password=1234, name=pobi, email=pobi@slipp.com]
21:55:01.706 [DEBUG] [Test worker] [db.DataBase] - USER 회원가입 성공 : User [userId=javajigi, password=1234, name=pobi, email=pobi@slipp.com]
21:55:01.725 [DEBUG] [Test worker] [db.DataBase] - USER 회원가입 성공 : User [userId=javajigi, password=1234, name=pobi, email=pobi@slipp.com]
21:55:01.730 [DEBUG] [Test worker] [db.DataBase] - USER 회원가입 성공 : User [userId=javajigi, password=1234, name=pobi, email=pobi@slipp.com]
]]></system-out>
  <system-err><![CDATA[]]></system-err>
</testsuite>
