<?xml version="1.0" encoding="UTF-8"?>
<testsuite name="controller.UserControllerTest" tests="4" skipped="0" failures="0" errors="0" timestamp="2020-11-26T12:55:00" hostname="leewonmi-team02ui-MacBookPro.local" time="0.288">
  <properties/>
  <testcase name="doPost()" classname="controller.UserControllerTest" time="0.219"/>
  <testcase name="doGet()" classname="controller.UserControllerTest" time="0.006"/>
  <testcase name="doNotAllowedMethod_ThrownException(String)[1]" classname="controller.UserControllerTest" time="0.025"/>
  <testcase name="doNotAllowedMethod_ThrownException(String)[2]" classname="controller.UserControllerTest" time="0.003"/>
  <system-out><![CDATA[userId=javajigi&password=password&name=JaeSung
21:55:00,927 |-INFO in ch.qos.logback.classic.LoggerContext[default] - Could NOT find resource [logback-test.xml]
21:55:00,927 |-INFO in ch.qos.logback.classic.LoggerContext[default] - Could NOT find resource [logback.groovy]
21:55:00,927 |-INFO in ch.qos.logback.classic.LoggerContext[default] - Found resource [logback.xml] at [file:/Users/pobiseeyou/Projects/jwp-was/web-application-server/build/resources/main/logback.xml]
21:55:00,977 |-INFO in ch.qos.logback.classic.joran.action.ConfigurationAction - debug attribute not set
21:55:00,977 |-INFO in ch.qos.logback.core.joran.action.AppenderAction - About to instantiate appender of type [ch.qos.logback.core.ConsoleAppender]
21:55:00,984 |-INFO in ch.qos.logback.core.joran.action.AppenderAction - Naming appender as [STDOUT]
21:55:01,011 |-WARN in ch.qos.logback.core.ConsoleAppender[STDOUT] - This appender no longer admits a layout as a sub-component, set an encoder instead.
21:55:01,011 |-WARN in ch.qos.logback.core.ConsoleAppender[STDOUT] - To ensure compatibility, wrapping your layout in LayoutWrappingEncoder.
21:55:01,011 |-WARN in ch.qos.logback.core.ConsoleAppender[STDOUT] - See also http://logback.qos.ch/codes.html#layoutInsteadOfEncoder for details
21:55:01,012 |-INFO in ch.qos.logback.classic.joran.action.RootLoggerAction - Setting level of ROOT logger to DEBUG
21:55:01,012 |-INFO in ch.qos.logback.core.joran.action.AppenderRefAction - Attaching appender named [STDOUT] to Logger[ROOT]
21:55:01,013 |-INFO in ch.qos.logback.classic.joran.action.ConfigurationAction - End of configuration.
21:55:01,013 |-INFO in ch.qos.logback.classic.joran.JoranConfigurator@277e6002 - Registering current configuration as safe fallback point

21:55:01.027 [DEBUG] [Test worker] [db.DataBase] - USER 회원가입 성공 : User [userId=javajigi, password=password, name=JaeSung, email=null]

userId=javajigi&password=password&name=JaeSung

]]></system-out>
  <system-err><![CDATA[]]></system-err>
</testsuite>
