<?xml version="1.0" encoding="UTF-8"?>
<testsuite name="http.HttpResponseTest" tests="3" skipped="0" failures="0" errors="0" timestamp="2020-11-26T12:55:01" hostname="leewonmi-team02ui-MacBookPro.local" time="0.012">
  <properties/>
  <testcase name="responseForward()" classname="http.HttpResponseTest" time="0.006"/>
  <testcase name="responseRedirect()" classname="http.HttpResponseTest" time="0.003"/>
  <testcase name="responseCookies()" classname="http.HttpResponseTest" time="0.002"/>
  <system-out><![CDATA[]]></system-out>
  <system-err><![CDATA[]]></system-err>
</testsuite>
